<?xml version="1.0" encoding="UTF-8"?>
<!-- Generated by org.testng.reporters.JUnitXMLReporter -->
<testsuite hostname="Dell-PC" name="Default test" tests="37" failures="0" timestamp="21 May 2014 09:03:28 GMT" time="1.86" errors="0">
  <testcase name="getAllOrderHistoryTest" time="0.7" classname="Test.OrderHistoryDAOTest"/>
  <testcase name="getOrderHistoryByIdTest" time="0.014" classname="Test.OrderHistoryDAOTest"/>
  <testcase name="getOrderHistoryClientTest" time="0.018" classname="Test.OrderHistoryDAOTest"/>
  <testcase name="getOrderHistoryMovieTest" time="0.017" classname="Test.OrderHistoryDAOTest"/>
  <testcase name="getAllMoviesTest" time="0.038" classname="Test.MovieDAOTest"/>
  <testcase name="getMovieByIdTest" time="0.004" classname="Test.MovieDAOTest"/>
  <testcase name="getMoviesByFilterClientTest" time="0.012" classname="Test.MovieDAOTest"/>
  <testcase name="getMoviesByFilterCompanyTest" time="0.009" classname="Test.MovieDAOTest"/>
  <testcase name="getMoviesByFilterDirectorTest" time="0.009" classname="Test.MovieDAOTest"/>
  <testcase name="getMoviesByFilterNameTest" time="0.003" classname="Test.MovieDAOTest"/>
  <testcase name="getMoviesByFilterYearTest" time="0.009" classname="Test.MovieDAOTest"/>
  <testcase name="getAllCopiesTest" time="0.026" classname="Test.CopyDAOTest"/>
  <testcase name="getCopyByMovieTest" time="0.007" classname="Test.CopyDAOTest"/>
  <testcase name="getAllCompaniesTest" time="0.001" classname="Test.CompanyDAOTest"/>
  <testcase name="getCompanyByIdTest" time="0.0" classname="Test.CompanyDAOTest"/>
  <testcase name="getAllClientsTest" time="0.014" classname="Test.ClientDAOTest"/>
  <testcase name="getClientByIdTest" time="0.003" classname="Test.ClientDAOTest"/>
  <testcase name="getClientsByFilterNameTest" time="0.006" classname="Test.ClientDAOTest"/>
  <testcase name="getClientsByFilterTest" time="0.008" classname="Test.ClientDAOTest"/>
  <testcase name="getAllDirectorsTest" time="0.002" classname="Test.DirectorDAOTest"/>
  <testcase name="getDirectorByIdTest" time="0.001" classname="Test.DirectorDAOTest"/>
  <testcase name="addOrderHistoryTest" time="0.096" classname="Test.OrderHistoryDAOTest"/>
  <testcase name="removeOrderHisoryTest" time="0.067" classname="Test.OrderHistoryDAOTest"/>
  <testcase name="updateOrderHistoryTest" time="0.058" classname="Test.OrderHistoryDAOTest"/>
  <testcase name="addMovieTest" time="0.073" classname="Test.MovieDAOTest"/>
  <testcase name="removeMovieTest" time="0.051" classname="Test.MovieDAOTest"/>
  <testcase name="updateMovieTest" time="0.063" classname="Test.MovieDAOTest"/>
  <testcase name="updateCopyTest" time="0.062" classname="Test.CopyDAOTest"/>
  <testcase name="addClientTest" time="0.043" classname="Test.CompanyDAOTest"/>
  <testcase name="removeCompanyTest" time="0.044" classname="Test.CompanyDAOTest"/>
  <testcase name="updateCompanyTest" time="0.046" classname="Test.CompanyDAOTest"/>
  <testcase name="addClientTest" time="0.071" classname="Test.ClientDAOTest"/>
  <testcase name="removeClientTest" time="0.047" classname="Test.ClientDAOTest"/>
  <testcase name="updateClientTest" time="0.053" classname="Test.ClientDAOTest"/>
  <testcase name="addDirectorTest" time="0.035" classname="Test.DirectorDAOTest"/>
  <testcase name="removeDirectorTest" time="0.038" classname="Test.DirectorDAOTest"/>
  <testcase name="updateDirectorTest" time="0.035" classname="Test.DirectorDAOTest"/>
</testsuite> <!-- Default test -->
